<?xml version="1.0" encoding="UTF-8"?>
<!-- Generated by org.testng.reporters.JUnitReportReporter -->
<testsuite hostname="DESKTOP-V2VCMJK" failures="0" tests="2" name="test1.ChromeTest" time="43.927" errors="0" timestamp="2022-05-05T21:32:23 GST" skipped="0">
  <testcase classname="test1.ChromeTest" name="getUrlMercury" time="35.198"/>
  <system-out/>
  <testcase classname="test1.ChromeTest" name="getUrlObscura" time="8.729"/>
  <system-out/>
</testsuite> <!-- test1.ChromeTest -->
