<?xml version="1.0" encoding="UTF-8"?>
<!-- Generated by org.testng.reporters.JUnitReportReporter -->
<testsuite hostname="DESKTOP-V2VCMJK" failures="0" tests="1" name="test1.ScrollTest" time="0.111" errors="0" timestamp="2022-05-05T12:09:39 GST" skipped="0">
  <testcase classname="test1.ScrollTest" name="scrollTest" time="0.111"/>
  <system-out/>
</testsuite> <!-- test1.ScrollTest -->
