<?xml version="1.0" encoding="UTF-8"?>
<!-- Generated by org.testng.reporters.JUnitReportReporter -->
<testsuite hostname="DESKTOP-V2VCMJK" failures="0" tests="1" name="test1.DoubleClickTest" time="0.349" errors="0" timestamp="2022-04-26T06:56:01 GST" skipped="0">
  <testcase classname="test1.DoubleClickTest" name="doubleClickTest" time="0.349"/>
  <system-out/>
</testsuite> <!-- test1.DoubleClickTest -->
