<?xml version="1.0" encoding="UTF-8"?>
<!-- Generated by org.testng.reporters.JUnitReportReporter -->
<testsuite hostname="DESKTOP-V2VCMJK" failures="0" tests="1" name="test1.PopUPHandling" time="18.757" errors="0" timestamp="2022-04-29T07:51:30 GST" skipped="0">
  <testcase classname="test1.PopUPHandling" name="popUpHandle" time="18.757"/>
  <system-out/>
</testsuite> <!-- test1.PopUPHandling -->
