<?xml version="1.0" encoding="UTF-8"?>
<!-- Generated by org.testng.reporters.JUnitReportReporter -->
<testsuite hostname="DESKTOP-V2VCMJK" failures="0" tests="1" name="test1.AlertAssign" time="0.651" errors="0" timestamp="2022-04-27T23:38:14 GST" skipped="0">
  <testcase classname="test1.AlertAssign" name="verifyalertHandle" time="0.651"/>
  <system-out/>
</testsuite> <!-- test1.AlertAssign -->
