<?xml version="1.0" encoding="UTF-8"?>
<!-- Generated by org.testng.reporters.JUnitReportReporter -->
<testsuite hostname="DESKTOP-V2VCMJK" failures="0" tests="1" name="test1.RightClickTest" time="3.748" errors="0" timestamp="2022-04-25T07:57:26 GST" skipped="0">
  <testcase classname="test1.RightClickTest" name="rightClick" time="3.748"/>
  <system-out/>
</testsuite> <!-- test1.RightClickTest -->
