<?xml version="1.0" encoding="UTF-8"?>
<!-- Generated by org.testng.reporters.JUnitReportReporter -->
<testsuite hostname="DESKTOP-V2VCMJK" failures="0" tests="1" name="test1.AlertTest" time="0.235" errors="0" timestamp="2022-04-20T07:38:37 GST" skipped="0">
  <testcase classname="test1.AlertTest" name="f" time="0.235"/>
  <system-out/>
</testsuite> <!-- test1.AlertTest -->
