<?xml version="1.0" encoding="UTF-8"?>
<!-- Generated by org.testng.reporters.JUnitReportReporter -->
<testsuite hostname="DESKTOP-V2VCMJK" failures="0" tests="1" name="test1.FileUploadTest" time="0.352" errors="0" timestamp="2022-04-27T23:21:06 GST" skipped="0">
  <testcase classname="test1.FileUploadTest" name="f" time="0.352"/>
  <system-out/>
</testsuite> <!-- test1.FileUploadTest -->
