<?xml version="1.0" encoding="UTF-8"?>
<!-- Generated by org.testng.reporters.JUnitReportReporter -->
<testsuite hostname="DESKTOP-V2VCMJK" failures="0" tests="2" name="test1.NewTourTestWithXpath" time="32.443" errors="0" timestamp="2022-05-05T21:27:45 GST" skipped="0">
  <testcase classname="test1.NewTourTestWithXpath" name="Verifylogin" time="14.826"/>
  <system-out/>
  <testcase classname="test1.NewTourTestWithXpath" name="register" time="17.617"/>
  <system-out/>
</testsuite> <!-- test1.NewTourTestWithXpath -->
