<?xml version="1.0" encoding="UTF-8"?>
<!-- Generated by org.testng.reporters.JUnitReportReporter -->
<testsuite hostname="DESKTOP-V2VCMJK" failures="0" tests="1" name="test1.TableHandling" time="1.280" errors="0" timestamp="2022-05-06T20:07:38 GST" skipped="0">
  <testcase classname="test1.TableHandling" name="tableHandling" time="1.280"/>
  <system-out/>
</testsuite> <!-- test1.TableHandling -->
