<?xml version="1.0" encoding="UTF-8"?>
<!-- Generated by org.testng.reporters.JUnitReportReporter -->
<testsuite hostname="DESKTOP-V2VCMJK" failures="0" tests="1" name="test1.KeyBoardEvents" time="22.352" errors="0" timestamp="2022-05-05T07:10:22 GST" skipped="0">
  <testcase classname="test1.KeyBoardEvents" name="keyHandle" time="22.352"/>
  <system-out/>
</testsuite> <!-- test1.KeyBoardEvents -->
