<?xml version="1.0" encoding="UTF-8"?>
<!-- Generated by org.testng.reporters.JUnitReportReporter -->
<testsuite hostname="DESKTOP-V2VCMJK" failures="0" tests="1" name="test1.MouseMoveTest" time="0.661" errors="0" timestamp="2022-04-25T07:23:07 GST" skipped="0">
  <testcase classname="test1.MouseMoveTest" name="mouseTest" time="0.661"/>
  <system-out/>
</testsuite> <!-- test1.MouseMoveTest -->
