<?xml version="1.0" encoding="UTF-8"?>
<!-- Generated by org.testng.reporters.JUnitReportReporter -->
<testsuite hostname="DESKTOP-V2VCMJK" failures="0" tests="1" name="test1.DragAndDrop" time="0.500" errors="0" timestamp="2022-04-26T07:10:22 GST" skipped="0">
  <testcase classname="test1.DragAndDrop" name="dragDropTest" time="0.500"/>
  <system-out/>
</testsuite> <!-- test1.DragAndDrop -->
