<?xml version="1.0" encoding="UTF-8"?>
<!-- Generated by org.testng.reporters.JUnitReportReporter -->
<testsuite hostname="DESKTOP-V2VCMJK" failures="0" tests="1" name="test1.UploadFile" time="0.007" errors="0" timestamp="2022-04-27T22:54:55 GST" skipped="0">
  <testcase classname="test1.UploadFile" name="f" time="0.007"/>
  <system-out/>
</testsuite> <!-- test1.UploadFile -->
