<?xml version="1.0" encoding="UTF-8"?>
<!-- Generated by org.testng.reporters.JUnitReportReporter -->
<testsuite hostname="DESKTOP-V2VCMJK" failures="0" tests="5" name="test1.TestExample" time="5.004" errors="0" timestamp="2022-04-18T07:10:46 GST" skipped="0">
  <testcase classname="test1.TestExample" name="verifyTitle" time="0.029"/>
  <system-out/>
  <testcase classname="test1.TestExample" name="verifyURL" time="0.014"/>
  <system-out/>
  <testcase classname="test1.TestExample" name="verifyUsername" time="0.154"/>
  <system-out/>
  <testcase classname="test1.TestExample" name="verifypassword" time="0.086"/>
  <system-out/>
  <testcase classname="test1.TestExample" name="verifyLogin" time="4.721"/>
  <system-out/>
</testsuite> <!-- test1.TestExample -->
