<?xml version="1.0" encoding="UTF-8"?>
<!-- Generated by org.testng.reporters.JUnitReportReporter -->
<testsuite hostname="DESKTOP-V2VCMJK" failures="0" tests="1" name="test1.NewTest" time="0.018" errors="0" timestamp="2022-04-11T21:26:12 GST" skipped="0">
  <testcase classname="test1.NewTest" name="f" time="0.018"/>
  <system-out/>
</testsuite> <!-- test1.NewTest -->
