<?xml version="1.0" encoding="UTF-8"?>
<!-- Generated by org.testng.reporters.JUnitReportReporter -->
<testsuite hostname="DESKTOP-V2VCMJK" failures="0" tests="1" name="test1.LoginUsingParameters" time="6.187" errors="0" timestamp="2022-05-06T20:00:27 GST" skipped="0">
  <testcase classname="test1.LoginUsingParameters" name="login" time="6.187"/>
  <system-out/>
</testsuite> <!-- test1.LoginUsingParameters -->
