<?xml version="1.0" encoding="UTF-8"?>
<!-- Generated by org.testng.reporters.JUnitReportReporter -->
<testsuite hostname="DESKTOP-V2VCMJK" failures="0" tests="2" name="test1.NewTestExample" time="3.885" errors="0" timestamp="2022-04-11T21:49:17 GST" skipped="0">
  <testcase classname="test1.NewTestExample" name="titleCheck" time="0.017"/>
  <system-out/>
  <testcase classname="test1.NewTestExample" name="verifyLogin" time="3.868"/>
  <system-out/>
</testsuite> <!-- test1.NewTestExample -->
