<?xml version="1.0" encoding="UTF-8"?>
<!-- Generated by org.testng.reporters.JUnitReportReporter -->
<testsuite hostname="DESKTOP-V2VCMJK" failures="0" tests="1" name="test1.FireFoxTest" time="71.051" errors="0" timestamp="2022-05-05T21:32:23 GST" skipped="0">
  <testcase classname="test1.FireFoxTest" name="getURLFireFox" time="71.051"/>
  <system-out/>
</testsuite> <!-- test1.FireFoxTest -->
