<?xml version="1.0" encoding="UTF-8"?>
<!-- Generated by org.testng.reporters.JUnitReportReporter -->
<testsuite hostname="DESKTOP-V2VCMJK" failures="0" tests="2" name="test1.AssertTest" time="0.076" errors="0" timestamp="2022-04-27T21:34:03 GST" skipped="0">
  <testcase classname="test1.AssertTest" name="hardAssert" time="0.029"/>
  <system-out/>
  <testcase classname="test1.AssertTest" name="softAssert" time="0.047"/>
  <system-out/>
</testsuite> <!-- test1.AssertTest -->
