<?xml version="1.0" encoding="UTF-8"?>
<!-- Generated by org.testng.reporters.JUnitReportReporter -->
<testsuite hostname="DESKTOP-V2VCMJK" failures="0" tests="1" name="test1.DownloadFileTest" time="0.106" errors="0" timestamp="2022-05-06T07:08:05 GST" skipped="0">
  <testcase classname="test1.DownloadFileTest" name="doenloadFile" time="0.106"/>
  <system-out/>
</testsuite> <!-- test1.DownloadFileTest -->
