<?xml version="1.0" encoding="UTF-8"?>
<!-- Generated by org.testng.reporters.JUnitReportReporter -->
<testsuite hostname="DESKTOP-V2VCMJK" failures="0" tests="1" name="test1.RegisterXpathTest" time="27.648" errors="0" timestamp="2022-04-28T23:18:45 GST" skipped="0">
  <testcase classname="test1.RegisterXpathTest" name="xpathTest" time="27.648"/>
  <system-out/>
</testsuite> <!-- test1.RegisterXpathTest -->
