<?xml version="1.0" encoding="UTF-8"?>
<!-- Generated by org.testng.reporters.JUnitReportReporter -->
<testsuite hostname="DESKTOP-V2VCMJK" failures="0" tests="3" name="test.LoginTest" time="50.597" errors="0" timestamp="2022-05-07T07:22:17 GST" skipped="0">
  <testcase classname="test.LoginTest" name="logintest" time="18.788"/>
  <system-out/>
  <testcase classname="test.LoginTest" name="logintest" time="18.598"/>
  <system-out/>
  <testcase classname="test.LoginTest" name="logintest" time="13.211"/>
  <system-out/>
</testsuite> <!-- test.LoginTest -->
