<?xml version="1.0" encoding="UTF-8"?>
<!-- Generated by org.testng.reporters.JUnitReportReporter -->
<testsuite hostname="DESKTOP-V2VCMJK" failures="0" tests="3" name="test1.DataReadParameter" time="120.184" errors="0" timestamp="2022-05-06T08:14:58 GST" skipped="0">
  <testcase classname="test1.DataReadParameter" name="login" time="41.825"/>
  <system-out/>
  <testcase classname="test1.DataReadParameter" name="login" time="61.320"/>
  <system-out/>
  <testcase classname="test1.DataReadParameter" name="login" time="17.039"/>
  <system-out/>
</testsuite> <!-- test1.DataReadParameter -->
